[07-Aug-2025 16:05:00 America/New_York] Database Connection Error: SQLSTATE[HY000] [1049] Unknown database 'web_app_tracker'
[07-Aug-2025 16:05:00 America/New_York] Database Connection Error: SQLSTATE[HY000] [1049] Unknown database 'web_app_tracker'
[07-Aug-2025 16:05:11 America/New_York] Database Connection Error: SQLSTATE[HY000] [1049] Unknown database 'web_app_tracker'
[07-Aug-2025 16:05:29 America/New_York] Database Connection Error: SQLSTATE[HY000] [1049] Unknown database 'web_app_tracker'
[07-Aug-2025 16:05:29 America/New_York] PHP Fatal error:  Uncaught Error: Call to a member function prepare() on null in C:\x\htdocs\juniata\config\database.php:81
Stack trace:
#0 C:\x\htdocs\juniata\config\database.php(165): Database->executeQuery('SELECT * FROM u...', Array)
#1 C:\x\htdocs\juniata\includes\auth.php(336): executeQuerySingle('SELECT * FROM u...', Array)
#2 C:\x\htdocs\juniata\includes\auth.php(94): Auth->getUserByUsernameOrEmail('admin')
#3 C:\x\htdocs\juniata\pages\login.php(27): Auth->login('admin', 'admin123')
#4 {main}
  thrown in C:\x\htdocs\juniata\config\database.php on line 81
[07-Aug-2025 16:05:51 America/New_York] Database Connection Error: SQLSTATE[HY000] [1049] Unknown database 'web_app_tracker'
[07-Aug-2025 16:16:30 America/New_York] PHP Warning:  require_once(C:\x\htdocs\juniata\pages/../includes/footer.php): Failed to open stream: No such file or directory in C:\x\htdocs\juniata\pages\projects.php on line 477
[07-Aug-2025 16:16:30 America/New_York] PHP Fatal error:  Uncaught Error: Failed opening required 'C:\x\htdocs\juniata\pages/../includes/footer.php' (include_path='C:\x\php\PEAR') in C:\x\htdocs\juniata\pages\projects.php:477
Stack trace:
#0 {main}
  thrown in C:\x\htdocs\juniata\pages\projects.php on line 477
[07-Aug-2025 16:16:55 America/New_York] PHP Warning:  require_once(C:\x\htdocs\juniata\pages/../includes/footer.php): Failed to open stream: No such file or directory in C:\x\htdocs\juniata\pages\projects.php on line 477
[07-Aug-2025 16:16:55 America/New_York] PHP Fatal error:  Uncaught Error: Failed opening required 'C:\x\htdocs\juniata\pages/../includes/footer.php' (include_path='C:\x\php\PEAR') in C:\x\htdocs\juniata\pages\projects.php:477
Stack trace:
#0 {main}
  thrown in C:\x\htdocs\juniata\pages\projects.php on line 477
[07-Aug-2025 16:17:41 America/New_York] PHP Warning:  require_once(C:\x\htdocs\juniata\pages/../includes/footer.php): Failed to open stream: No such file or directory in C:\x\htdocs\juniata\pages\projects.php on line 477
[07-Aug-2025 16:17:41 America/New_York] PHP Fatal error:  Uncaught Error: Failed opening required 'C:\x\htdocs\juniata\pages/../includes/footer.php' (include_path='C:\x\php\PEAR') in C:\x\htdocs\juniata\pages\projects.php:477
Stack trace:
#0 {main}
  thrown in C:\x\htdocs\juniata\pages\projects.php on line 477
[07-Aug-2025 16:20:34 America/New_York] PHP Warning:  Undefined array key "days_until_due" in C:\x\htdocs\juniata\pages\tasks.php on line 359
[07-Aug-2025 16:20:34 America/New_York] PHP Warning:  Undefined array key "days_until_due" in C:\x\htdocs\juniata\pages\tasks.php on line 359
[07-Aug-2025 16:20:34 America/New_York] PHP Warning:  Undefined array key "days_until_due" in C:\x\htdocs\juniata\pages\tasks.php on line 359
[07-Aug-2025 16:20:34 America/New_York] PHP Warning:  Undefined array key "days_until_due" in C:\x\htdocs\juniata\pages\tasks.php on line 359
[07-Aug-2025 16:20:34 America/New_York] PHP Warning:  Undefined array key "days_until_due" in C:\x\htdocs\juniata\pages\tasks.php on line 359
[07-Aug-2025 16:20:47 America/New_York] PHP Warning:  Undefined array key "days_until_due" in C:\x\htdocs\juniata\pages\tasks.php on line 359
[07-Aug-2025 16:20:47 America/New_York] PHP Warning:  Undefined array key "days_until_due" in C:\x\htdocs\juniata\pages\tasks.php on line 359
[07-Aug-2025 16:20:47 America/New_York] PHP Warning:  Undefined array key "days_until_due" in C:\x\htdocs\juniata\pages\tasks.php on line 359
[07-Aug-2025 16:20:47 America/New_York] PHP Warning:  Undefined array key "days_until_due" in C:\x\htdocs\juniata\pages\tasks.php on line 359
[07-Aug-2025 16:20:47 America/New_York] PHP Warning:  Undefined array key "days_until_due" in C:\x\htdocs\juniata\pages\tasks.php on line 359
[07-Aug-2025 16:22:19 America/New_York] PHP Warning:  require_once(C:\x\htdocs\juniata\pages/../includes/footer.php): Failed to open stream: No such file or directory in C:\x\htdocs\juniata\pages\projects.php on line 477
[07-Aug-2025 16:22:19 America/New_York] PHP Fatal error:  Uncaught Error: Failed opening required 'C:\x\htdocs\juniata\pages/../includes/footer.php' (include_path='C:\x\php\PEAR') in C:\x\htdocs\juniata\pages\projects.php:477
Stack trace:
#0 {main}
  thrown in C:\x\htdocs\juniata\pages\projects.php on line 477
[07-Aug-2025 16:23:19 America/New_York] PHP Warning:  require_once(C:\x\htdocs\juniata\pages/../includes/footer.php): Failed to open stream: No such file or directory in C:\x\htdocs\juniata\pages\projects.php on line 477
[07-Aug-2025 16:23:19 America/New_York] PHP Fatal error:  Uncaught Error: Failed opening required 'C:\x\htdocs\juniata\pages/../includes/footer.php' (include_path='C:\x\php\PEAR') in C:\x\htdocs\juniata\pages\projects.php:477
Stack trace:
#0 {main}
  thrown in C:\x\htdocs\juniata\pages\projects.php on line 477
[07-Aug-2025 16:23:47 America/New_York] PHP Warning:  require_once(C:\x\htdocs\juniata\pages/../includes/footer.php): Failed to open stream: No such file or directory in C:\x\htdocs\juniata\pages\projects.php on line 477
[07-Aug-2025 16:23:47 America/New_York] PHP Fatal error:  Uncaught Error: Failed opening required 'C:\x\htdocs\juniata\pages/../includes/footer.php' (include_path='C:\x\php\PEAR') in C:\x\htdocs\juniata\pages\projects.php:477
Stack trace:
#0 {main}
  thrown in C:\x\htdocs\juniata\pages\projects.php on line 477
[07-Aug-2025 16:40:22 America/New_York] PHP Warning:  Undefined array key "days_until_due" in C:\x\htdocs\juniata\pages\tasks.php on line 359
[07-Aug-2025 16:40:22 America/New_York] PHP Warning:  Undefined array key "days_until_due" in C:\x\htdocs\juniata\pages\tasks.php on line 359
[07-Aug-2025 16:40:22 America/New_York] PHP Warning:  Undefined array key "days_until_due" in C:\x\htdocs\juniata\pages\tasks.php on line 359
[07-Aug-2025 16:40:22 America/New_York] PHP Warning:  Undefined array key "days_until_due" in C:\x\htdocs\juniata\pages\tasks.php on line 359
[07-Aug-2025 16:40:22 America/New_York] PHP Warning:  Undefined array key "days_until_due" in C:\x\htdocs\juniata\pages\tasks.php on line 359
[07-Aug-2025 16:55:17 America/New_York] Query Execution Error: SQLSTATE[42S22]: Column not found: 1054 Unknown column 'setting_type' in 'field list'
[07-Aug-2025 16:55:17 America/New_York] Query Execution Error: SQLSTATE[42S22]: Column not found: 1054 Unknown column 'setting_type' in 'field list'
[07-Aug-2025 16:55:28 America/New_York] Query Execution Error: SQLSTATE[42S22]: Column not found: 1054 Unknown column 'setting_type' in 'field list'
[07-Aug-2025 16:55:28 America/New_York] Query Execution Error: SQLSTATE[42S22]: Column not found: 1054 Unknown column 'setting_type' in 'field list'
[07-Aug-2025 16:55:28 America/New_York] Query Execution Error: SQLSTATE[42S22]: Column not found: 1054 Unknown column 'setting_type' in 'field list'
[07-Aug-2025 16:55:28 America/New_York] Query Execution Error: SQLSTATE[42S22]: Column not found: 1054 Unknown column 'setting_type' in 'field list'
[07-Aug-2025 16:55:40 America/New_York] Query Execution Error: SQLSTATE[42S22]: Column not found: 1054 Unknown column 'setting_type' in 'field list'
[07-Aug-2025 16:55:40 America/New_York] Query Execution Error: SQLSTATE[42S22]: Column not found: 1054 Unknown column 'setting_type' in 'field list'
[07-Aug-2025 16:55:40 America/New_York] Query Execution Error: SQLSTATE[42S22]: Column not found: 1054 Unknown column 'setting_type' in 'field list'
[07-Aug-2025 16:55:40 America/New_York] Query Execution Error: SQLSTATE[42S22]: Column not found: 1054 Unknown column 'setting_type' in 'field list'
[07-Aug-2025 16:55:40 America/New_York] Query Execution Error: SQLSTATE[42S22]: Column not found: 1054 Unknown column 'setting_type' in 'field list'
[07-Aug-2025 16:55:40 America/New_York] Query Execution Error: SQLSTATE[42S22]: Column not found: 1054 Unknown column 'setting_type' in 'field list'
[07-Aug-2025 16:58:31 America/New_York] Query Execution Error: SQLSTATE[42S22]: Column not found: 1054 Unknown column 'setting_type' in 'field list'
[07-Aug-2025 16:58:56 America/New_York] Query Execution Error: SQLSTATE[42S22]: Column not found: 1054 Unknown column 'setting_type' in 'field list'
[07-Aug-2025 16:58:56 America/New_York] Query Execution Error: SQLSTATE[42S22]: Column not found: 1054 Unknown column 'setting_type' in 'field list'
[07-Aug-2025 16:58:58 America/New_York] Query Execution Error: SQLSTATE[42S22]: Column not found: 1054 Unknown column 'setting_type' in 'field list'
[07-Aug-2025 16:58:58 America/New_York] Query Execution Error: SQLSTATE[42S22]: Column not found: 1054 Unknown column 'setting_type' in 'field list'
[07-Aug-2025 16:58:58 America/New_York] Query Execution Error: SQLSTATE[42S22]: Column not found: 1054 Unknown column 'setting_type' in 'field list'
[07-Aug-2025 16:58:58 America/New_York] Query Execution Error: SQLSTATE[42S22]: Column not found: 1054 Unknown column 'setting_type' in 'field list'
[07-Aug-2025 16:59:03 America/New_York] Query Execution Error: SQLSTATE[42S22]: Column not found: 1054 Unknown column 'setting_type' in 'field list'
[07-Aug-2025 16:59:03 America/New_York] PHP Warning:  Cannot modify header information - headers already sent by (output started at C:\x\htdocs\juniata\includes\header.php:78) in C:\x\htdocs\juniata\pages\reports.php on line 65
[07-Aug-2025 16:59:03 America/New_York] PHP Warning:  Cannot modify header information - headers already sent by (output started at C:\x\htdocs\juniata\includes\header.php:78) in C:\x\htdocs\juniata\pages\reports.php on line 66
[07-Aug-2025 16:59:06 America/New_York] Query Execution Error: SQLSTATE[42S22]: Column not found: 1054 Unknown column 'setting_type' in 'field list'
[07-Aug-2025 16:59:06 America/New_York] Query Execution Error: SQLSTATE[42S22]: Column not found: 1054 Unknown column 'setting_type' in 'field list'
[07-Aug-2025 16:59:18 America/New_York] Query Execution Error: SQLSTATE[42S22]: Column not found: 1054 Unknown column 'setting_type' in 'field list'
[07-Aug-2025 16:59:18 America/New_York] Query Execution Error: SQLSTATE[42S22]: Column not found: 1054 Unknown column 'setting_type' in 'field list'
[07-Aug-2025 16:59:18 America/New_York] Query Execution Error: SQLSTATE[42S22]: Column not found: 1054 Unknown column 'setting_type' in 'field list'
[07-Aug-2025 16:59:18 America/New_York] Query Execution Error: SQLSTATE[42S22]: Column not found: 1054 Unknown column 'setting_type' in 'field list'
[07-Aug-2025 16:59:18 America/New_York] Query Execution Error: SQLSTATE[42S22]: Column not found: 1054 Unknown column 'setting_type' in 'field list'
[07-Aug-2025 16:59:18 America/New_York] Query Execution Error: SQLSTATE[42S22]: Column not found: 1054 Unknown column 'setting_type' in 'field list'
[07-Aug-2025 17:04:01 America/New_York] Query Execution Error: SQLSTATE[42S22]: Column not found: 1054 Unknown column 'setting_type' in 'field list'
[07-Aug-2025 18:35:36 America/New_York] PHP Fatal error:  Uncaught Error: Undefined constant "DOGGY" in C:\xampp\htdocs\juniata\web-app-project-management\pages\calendar.php:171
Stack trace:
#0 {main}
  thrown in C:\xampp\htdocs\juniata\web-app-project-management\pages\calendar.php on line 171
[07-Aug-2025 19:07:36 America/New_York] PHP Warning:  foreach() argument must be of type array|object, string given in C:\xampp\htdocs\juniata\web-app-project-management\pages\projects.php on line 160
[07-Aug-2025 19:07:36 America/New_York] PHP Warning:  foreach() argument must be of type array|object, string given in C:\xampp\htdocs\juniata\web-app-project-management\pages\projects.php on line 317
[07-Aug-2025 19:07:38 America/New_York] PHP Warning:  foreach() argument must be of type array|object, string given in C:\xampp\htdocs\juniata\web-app-project-management\pages\projects.php on line 160
[07-Aug-2025 19:07:38 America/New_York] PHP Warning:  foreach() argument must be of type array|object, string given in C:\xampp\htdocs\juniata\web-app-project-management\pages\projects.php on line 317
[07-Aug-2025 20:37:05 America/New_York] Database Connection Error: SQLSTATE[HY000] [2002] No connection could be made because the target machine actively refused it
[07-Aug-2025 20:37:05 America/New_York] PHP Fatal error:  Uncaught Error: Call to a member function prepare() on null in C:\xampp\htdocs\juniata\web-app-project-management\config\database.php:81
Stack trace:
#0 C:\xampp\htdocs\juniata\web-app-project-management\config\database.php(165): Database->executeQuery('SELECT \r\n      ...', Array)
#1 C:\xampp\htdocs\juniata\web-app-project-management\includes\functions.php(559): executeQuerySingle('SELECT \r\n      ...')
#2 C:\xampp\htdocs\juniata\web-app-project-management\pages\dashboard.php(17): getDashboardStats(NULL)
#3 {main}
  thrown in C:\xampp\htdocs\juniata\web-app-project-management\config\database.php on line 81
[07-Aug-2025 20:37:12 America/New_York] Database Connection Error: SQLSTATE[HY000] [2002] No connection could be made because the target machine actively refused it
[07-Aug-2025 20:37:12 America/New_York] PHP Fatal error:  Uncaught Error: Call to a member function prepare() on null in C:\xampp\htdocs\juniata\web-app-project-management\config\database.php:81
Stack trace:
#0 C:\xampp\htdocs\juniata\web-app-project-management\config\database.php(165): Database->executeQuery('SELECT \r\n      ...', Array)
#1 C:\xampp\htdocs\juniata\web-app-project-management\includes\functions.php(559): executeQuerySingle('SELECT \r\n      ...')
#2 C:\xampp\htdocs\juniata\web-app-project-management\pages\dashboard.php(17): getDashboardStats(NULL)
#3 {main}
  thrown in C:\xampp\htdocs\juniata\web-app-project-management\config\database.php on line 81
[07-Aug-2025 20:37:15 America/New_York] Database Connection Error: SQLSTATE[HY000] [2006] MySQL server has gone away
[07-Aug-2025 20:37:15 America/New_York] PHP Fatal error:  Uncaught Error: Call to a member function prepare() on null in C:\xampp\htdocs\juniata\web-app-project-management\config\database.php:81
Stack trace:
#0 C:\xampp\htdocs\juniata\web-app-project-management\config\database.php(165): Database->executeQuery('SELECT \r\n      ...', Array)
#1 C:\xampp\htdocs\juniata\web-app-project-management\includes\functions.php(559): executeQuerySingle('SELECT \r\n      ...')
#2 C:\xampp\htdocs\juniata\web-app-project-management\pages\dashboard.php(17): getDashboardStats(NULL)
#3 {main}
  thrown in C:\xampp\htdocs\juniata\web-app-project-management\config\database.php on line 81
[07-Aug-2025 20:37:19 America/New_York] Database Connection Error: SQLSTATE[HY000] [2002] No connection could be made because the target machine actively refused it
[07-Aug-2025 20:37:19 America/New_York] PHP Fatal error:  Uncaught Error: Call to a member function prepare() on null in C:\xampp\htdocs\juniata\web-app-project-management\config\database.php:81
Stack trace:
#0 C:\xampp\htdocs\juniata\web-app-project-management\config\database.php(165): Database->executeQuery('SELECT \r\n      ...', Array)
#1 C:\xampp\htdocs\juniata\web-app-project-management\includes\functions.php(559): executeQuerySingle('SELECT \r\n      ...')
#2 C:\xampp\htdocs\juniata\web-app-project-management\pages\dashboard.php(17): getDashboardStats(NULL)
#3 {main}
  thrown in C:\xampp\htdocs\juniata\web-app-project-management\config\database.php on line 81
[07-Aug-2025 20:37:25 America/New_York] Database Connection Error: SQLSTATE[HY000] [2002] No connection could be made because the target machine actively refused it
[07-Aug-2025 20:37:25 America/New_York] PHP Fatal error:  Uncaught Error: Call to a member function prepare() on null in C:\xampp\htdocs\juniata\web-app-project-management\config\database.php:81
Stack trace:
#0 C:\xampp\htdocs\juniata\web-app-project-management\config\database.php(148): Database->executeQuery('SELECT p.*, \r\n ...', Array)
#1 C:\xampp\htdocs\juniata\web-app-project-management\includes\functions.php(75): executeQuery('SELECT p.*, \r\n ...', Array)
#2 C:\xampp\htdocs\juniata\web-app-project-management\pages\projects.php(88): getProjects(Array, 20, 0)
#3 {main}
  thrown in C:\xampp\htdocs\juniata\web-app-project-management\config\database.php on line 81
[07-Aug-2025 20:37:29 America/New_York] Database Connection Error: SQLSTATE[HY000] [2002] No connection could be made because the target machine actively refused it
[07-Aug-2025 20:37:29 America/New_York] PHP Fatal error:  Uncaught Error: Call to a member function prepare() on null in C:\xampp\htdocs\juniata\web-app-project-management\config\database.php:81
Stack trace:
#0 C:\xampp\htdocs\juniata\web-app-project-management\config\database.php(165): Database->executeQuery('SELECT \r\n      ...', Array)
#1 C:\xampp\htdocs\juniata\web-app-project-management\includes\functions.php(559): executeQuerySingle('SELECT \r\n      ...')
#2 C:\xampp\htdocs\juniata\web-app-project-management\pages\dashboard.php(17): getDashboardStats(NULL)
#3 {main}
  thrown in C:\xampp\htdocs\juniata\web-app-project-management\config\database.php on line 81
[07-Aug-2025 20:37:46 America/New_York] Database Connection Error: SQLSTATE[HY000] [2006] MySQL server has gone away
[07-Aug-2025 20:37:46 America/New_York] PHP Fatal error:  Uncaught Error: Call to a member function prepare() on null in C:\xampp\htdocs\juniata\web-app-project-management\config\database.php:81
Stack trace:
#0 C:\xampp\htdocs\juniata\web-app-project-management\config\database.php(165): Database->executeQuery('SELECT \r\n      ...', Array)
#1 C:\xampp\htdocs\juniata\web-app-project-management\includes\functions.php(559): executeQuerySingle('SELECT \r\n      ...')
#2 C:\xampp\htdocs\juniata\web-app-project-management\pages\dashboard.php(17): getDashboardStats(NULL)
#3 {main}
  thrown in C:\xampp\htdocs\juniata\web-app-project-management\config\database.php on line 81
[07-Aug-2025 20:44:12 America/New_York] Query Execution Error: SQLSTATE[42S02]: Base table or view not found: 1146 Table 'web_app_tracker.activity_log' doesn't exist
[07-Aug-2025 20:54:50 America/New_York] Query Execution Error: SQLSTATE[42S02]: Base table or view not found: 1146 Table 'web_app_tracker.activity_log' doesn't exist
[07-Aug-2025 20:58:39 America/New_York] Query Execution Error: SQLSTATE[42S02]: Base table or view not found: 1146 Table 'web_app_tracker.activity_log' doesn't exist
[07-Aug-2025 21:03:13 America/New_York] Query Execution Error: SQLSTATE[42S02]: Base table or view not found: 1146 Table 'web_app_tracker.activity_log' doesn't exist
[07-Aug-2025 21:03:14 America/New_York] Query Execution Error: SQLSTATE[42S02]: Base table or view not found: 1146 Table 'web_app_tracker.activity_log' doesn't exist
[07-Aug-2025 21:05:07 America/New_York] Query Execution Error: SQLSTATE[42S02]: Base table or view not found: 1146 Table 'web_app_tracker.activity_log' doesn't exist
[07-Aug-2025 21:06:44 America/New_York] Query Execution Error: SQLSTATE[42S02]: Base table or view not found: 1146 Table 'web_app_tracker.activity_log' doesn't exist
[07-Aug-2025 21:07:42 America/New_York] Query Execution Error: SQLSTATE[42S02]: Base table or view not found: 1146 Table 'web_app_tracker.activity_log' doesn't exist
[07-Aug-2025 21:08:10 America/New_York] Query Execution Error: SQLSTATE[42S02]: Base table or view not found: 1146 Table 'web_app_tracker.activity_log' doesn't exist
[07-Aug-2025 21:08:17 America/New_York] Query Execution Error: SQLSTATE[42S02]: Base table or view not found: 1146 Table 'web_app_tracker.activity_log' doesn't exist
[07-Aug-2025 21:08:22 America/New_York] Query Execution Error: SQLSTATE[42S02]: Base table or view not found: 1146 Table 'web_app_tracker.activity_log' doesn't exist
[07-Aug-2025 21:10:51 America/New_York] Query Execution Error: SQLSTATE[42S02]: Base table or view not found: 1146 Table 'web_app_tracker.activity_log' doesn't exist
[07-Aug-2025 21:12:30 America/New_York] Query Execution Error: SQLSTATE[42S02]: Base table or view not found: 1146 Table 'web_app_tracker.activity_log' doesn't exist
[07-Aug-2025 21:13:08 America/New_York] Query Execution Error: SQLSTATE[42S02]: Base table or view not found: 1146 Table 'web_app_tracker.activity_log' doesn't exist
[07-Aug-2025 21:13:11 America/New_York] Query Execution Error: SQLSTATE[42S02]: Base table or view not found: 1146 Table 'web_app_tracker.activity_log' doesn't exist
[07-Aug-2025 21:17:25 America/New_York] Query Execution Error: SQLSTATE[42S02]: Base table or view not found: 1146 Table 'web_app_tracker.activity_log' doesn't exist
[07-Aug-2025 21:18:46 America/New_York] Query Execution Error: SQLSTATE[42S02]: Base table or view not found: 1146 Table 'web_app_tracker.activity_log' doesn't exist
[07-Aug-2025 21:18:57 America/New_York] Query Execution Error: SQLSTATE[42S02]: Base table or view not found: 1146 Table 'web_app_tracker.activity_log' doesn't exist
[07-Aug-2025 21:21:42 America/New_York] Query Execution Error: SQLSTATE[42S02]: Base table or view not found: 1146 Table 'web_app_tracker.activity_log' doesn't exist
[07-Aug-2025 21:23:32 America/New_York] Query Execution Error: SQLSTATE[42S02]: Base table or view not found: 1146 Table 'web_app_tracker.activity_log' doesn't exist
[07-Aug-2025 21:24:54 America/New_York] Query Execution Error: SQLSTATE[42S02]: Base table or view not found: 1146 Table 'web_app_tracker.activity_log' doesn't exist
[07-Aug-2025 21:26:23 America/New_York] Query Execution Error: SQLSTATE[42S02]: Base table or view not found: 1146 Table 'web_app_tracker.activity_log' doesn't exist
[07-Aug-2025 21:26:27 America/New_York] Query Execution Error: SQLSTATE[42S02]: Base table or view not found: 1146 Table 'web_app_tracker.activity_log' doesn't exist
[07-Aug-2025 21:29:08 America/New_York] Query Execution Error: SQLSTATE[42S02]: Base table or view not found: 1146 Table 'web_app_tracker.activity_log' doesn't exist
[07-Aug-2025 21:31:44 America/New_York] Query Execution Error: SQLSTATE[42S02]: Base table or view not found: 1146 Table 'web_app_tracker.activity_log' doesn't exist
[07-Aug-2025 21:33:25 America/New_York] Query Execution Error: SQLSTATE[42S02]: Base table or view not found: 1146 Table 'web_app_tracker.activity_log' doesn't exist
[07-Aug-2025 21:36:18 America/New_York] Query Execution Error: SQLSTATE[42S02]: Base table or view not found: 1146 Table 'web_app_tracker.activity_log' doesn't exist
[07-Aug-2025 22:35:27 America/New_York] Query Execution Error: SQLSTATE[42S02]: Base table or view not found: 1146 Table 'web_app_tracker.activity_log' doesn't exist
[07-Aug-2025 22:35:29 America/New_York] Query Execution Error: SQLSTATE[42S02]: Base table or view not found: 1146 Table 'web_app_tracker.activity_log' doesn't exist
[07-Aug-2025 22:36:19 America/New_York] Query Execution Error: SQLSTATE[42S02]: Base table or view not found: 1146 Table 'web_app_tracker.activity_log' doesn't exist
